nineOldAndroidsLibrary/build/outputs/logs/manifest-merger-debug-report.txt
-- Merging decision tree log ---
manifest
ADDED from src\main\AndroidManifest.xml:3:1-11:12
INJECTED from src\main\AndroidManifest.xml:3:1-11:12
INJECTED from src\main\AndroidManifest.xml:3:1-11:12
INJECTED from src\main\AndroidManifest.xml:3:1-11:12
INJECTED from src\main\AndroidManifest.xml:3:1-11:12
INJECTED from src\main\AndroidManifest.xml:3:1-11:12
INJECTED from src\main\AndroidManifest.xml:3:1-11:12
	package
		ADDED from src\main\AndroidManifest.xml:5:2-31
		INJECTED from src\main\AndroidManifest.xml
		INJECTED from src\main\AndroidManifest.xml
	android:versionName
		ADDED from src\main\AndroidManifest.xml:7:2-29
		INJECTED from src\main\AndroidManifest.xml
		INJECTED from src\main\AndroidManifest.xml
	xmlns:android
		ADDED from src\main\AndroidManifest.xml:4:2-60
	android:versionCode
		ADDED from src\main\AndroidManifest.xml:6:2-26
		INJECTED from src\main\AndroidManifest.xml
		INJECTED from src\main\AndroidManifest.xml
uses-sdk
ADDED from src\main\AndroidManifest.xml:9:5-43
	android:minSdkVersion
		ADDED from src\main\AndroidManifest.xml:9:15-40